<?xml version="1.0" encoding="UTF-8"?>
<coverage generated="1772338285888" clover="3.2.0">
  <project timestamp="1772338285888" name="All files">
    <metrics statements="26" coveredstatements="25" conditionals="5" coveredconditionals="4" methods="10" coveredmethods="9" elements="41" coveredelements="38" complexity="0" loc="26" ncloc="26" packages="2" files="5" classes="5"/>
    <package name="src">
      <metrics statements="18" coveredstatements="17" conditionals="0" coveredconditionals="0" methods="7" coveredmethods="6"/>
      <file name="FirstSteps.tsx" path="C:\Users\28293312\OneDrive - Universidad Autonoma de Guadalajara\React + Node js + Typescipt\React\React\primeros pasos\src\FirstSteps.tsx">
        <metrics statements="4" coveredstatements="4" conditionals="0" coveredconditionals="0" methods="2" coveredmethods="2"/>
        <line num="8" count="1" type="stmt"/>
        <line num="15" count="1" type="stmt"/>
        <line num="16" count="3" type="stmt"/>
        <line num="20" count="9" type="stmt"/>
      </file>
      <file name="MyAwesomeApp.tsx" path="C:\Users\28293312\OneDrive - Universidad Autonoma de Guadalajara\React + Node js + Typescipt\React\React\primeros pasos\src\MyAwesomeApp.tsx">
        <metrics statements="6" coveredstatements="6" conditionals="0" coveredconditionals="0" methods="1" coveredmethods="1"/>
        <line num="5" count="1" type="stmt"/>
        <line num="6" count="1" type="stmt"/>
        <line num="7" count="1" type="stmt"/>
        <line num="11" count="1" type="stmt"/>
        <line num="16" count="1" type="stmt"/>
        <line num="24" count="1" type="stmt"/>
      </file>
      <file name="math.helper.ts" path="C:\Users\28293312\OneDrive - Universidad Autonoma de Guadalajara\React + Node js + Typescipt\React\React\primeros pasos\src\math.helper.ts">
        <metrics statements="8" coveredstatements="7" conditionals="0" coveredconditionals="0" methods="4" coveredmethods="3"/>
        <line num="1" count="1" type="stmt"/>
        <line num="2" count="1" type="stmt"/>
        <line num="5" count="1" type="stmt"/>
        <line num="6" count="1" type="stmt"/>
        <line num="9" count="1" type="stmt"/>
        <line num="10" count="1" type="stmt"/>
        <line num="13" count="1" type="stmt"/>
        <line num="14" count="0" type="stmt"/>
      </file>
    </package>
    <package name="src.shopping-cart">
      <metrics statements="8" coveredstatements="8" conditionals="5" coveredconditionals="4" methods="3" coveredmethods="3"/>
      <file name="ItemCounter.module.css" path="C:\Users\28293312\OneDrive - Universidad Autonoma de Guadalajara\React + Node js + Typescipt\React\React\primeros pasos\src\shopping-cart\ItemCounter.module.css">
        <metrics statements="0" coveredstatements="0" conditionals="0" coveredconditionals="0" methods="0" coveredmethods="0"/>
      </file>
      <file name="ItemCounter.tsx" path="C:\Users\28293312\OneDrive - Universidad Autonoma de Guadalajara\React + Node js + Typescipt\React\React\primeros pasos\src\shopping-cart\ItemCounter.tsx">
        <metrics statements="8" coveredstatements="8" conditionals="5" coveredconditionals="4" methods="3" coveredmethods="3"/>
        <line num="12" count="1" type="cond" truecount="1" falsecount="0"/>
        <line num="14" count="9" type="stmt"/>
        <line num="16" count="9" type="stmt"/>
        <line num="17" count="1" type="stmt"/>
        <line num="22" count="9" type="stmt"/>
        <line num="23" count="1" type="cond" truecount="1" falsecount="1"/>
        <line num="24" count="1" type="stmt"/>
        <line num="32" count="9" type="stmt"/>
      </file>
    </package>
  </project>
</coverage>
