{"C:\\Users\\28293312\\OneDrive - Universidad Autonoma de Guadalajara\\React + Node js + Typescipt\\React\\React\\primeros pasos\\src\\FirstSteps.tsx": {"path":"C:\\Users\\28293312\\OneDrive - Universidad Autonoma de Guadalajara\\React + Node js + Typescipt\\React\\React\\primeros pasos\\src\\FirstSteps.tsx","statementMap":{"0":{"start":{"line":8,"column":31},"end":{"line":13,"column":null}},"1":{"start":{"line":15,"column":26},"end":{"line":29,"column":null}},"2":{"start":{"line":16,"column":4},"end":{"line":21,"column":43}},"3":{"start":{"line":20,"column":48},"end":{"line":21,"column":43}}},"fnMap":{"0":{"name":"(anonymous_0)","decl":{"start":{"line":15,"column":26},"end":{"line":15,"column":null}},"loc":{"start":{"line":15,"column":26},"end":{"line":29,"column":null}},"line":15},"1":{"name":"(anonymous_1)","decl":{"start":{"line":20,"column":24},"end":{"line":20,"column":25}},"loc":{"start":{"line":20,"column":48},"end":{"line":21,"column":43}},"line":20}},"branchMap":{},"s":{"0":1,"1":1,"2":3,"3":9},"f":{"0":3,"1":9},"b":{},"meta":{"lastBranch":0,"lastFunction":2,"lastStatement":4,"seen":{"s:8:31:13:Infinity":0,"s:15:26:29:Infinity":1,"f:15:26:15:Infinity":0,"s:16:4:21:43":2,"f:20:24:20:25":1,"s:20:48:21:43":3}}}
,"C:\\Users\\28293312\\OneDrive - Universidad Autonoma de Guadalajara\\React + Node js + Typescipt\\React\\React\\primeros pasos\\src\\MyAwesomeApp.tsx": {"path":"C:\\Users\\28293312\\OneDrive - Universidad Autonoma de Guadalajara\\React + Node js + Typescipt\\React\\React\\primeros pasos\\src\\MyAwesomeApp.tsx","statementMap":{"0":{"start":{"line":5,"column":18},"end":{"line":5,"column":null}},"1":{"start":{"line":6,"column":17},"end":{"line":6,"column":null}},"2":{"start":{"line":7,"column":18},"end":{"line":7,"column":null}},"3":{"start":{"line":11,"column":15},"end":{"line":14,"column":null}},"4":{"start":{"line":16,"column":32},"end":{"line":21,"column":null}},"5":{"start":{"line":24,"column":4},"end":{"line":30,"column":null}}},"fnMap":{"0":{"name":"MyAwesomeApp","decl":{"start":{"line":23,"column":16},"end":{"line":23,"column":null}},"loc":{"start":{"line":23,"column":16},"end":{"line":33,"column":null}},"line":23}},"branchMap":{},"s":{"0":1,"1":1,"2":1,"3":1,"4":1,"5":1},"f":{"0":1},"b":{},"meta":{"lastBranch":0,"lastFunction":1,"lastStatement":6,"seen":{"s:5:18:5:Infinity":0,"s:6:17:6:Infinity":1,"s:7:18:7:Infinity":2,"s:11:15:14:Infinity":3,"s:16:32:21:Infinity":4,"f:23:16:23:Infinity":0,"s:24:4:30:Infinity":5}}}
,"C:\\Users\\28293312\\OneDrive - Universidad Autonoma de Guadalajara\\React + Node js + Typescipt\\React\\React\\primeros pasos\\src\\math.helper.ts": {"path":"C:\\Users\\28293312\\OneDrive - Universidad Autonoma de Guadalajara\\React + Node js + Typescipt\\React\\React\\primeros pasos\\src\\math.helper.ts","statementMap":{"0":{"start":{"line":1,"column":19},"end":{"line":3,"column":null}},"1":{"start":{"line":2,"column":4},"end":{"line":2,"column":null}},"2":{"start":{"line":5,"column":20},"end":{"line":7,"column":null}},"3":{"start":{"line":6,"column":4},"end":{"line":6,"column":null}},"4":{"start":{"line":9,"column":24},"end":{"line":11,"column":null}},"5":{"start":{"line":10,"column":4},"end":{"line":10,"column":null}},"6":{"start":{"line":13,"column":22},"end":{"line":15,"column":null}},"7":{"start":{"line":14,"column":4},"end":{"line":14,"column":null}}},"fnMap":{"0":{"name":"(anonymous_0)","decl":{"start":{"line":1,"column":19},"end":{"line":1,"column":20}},"loc":{"start":{"line":1,"column":30},"end":{"line":3,"column":null}},"line":1},"1":{"name":"(anonymous_1)","decl":{"start":{"line":5,"column":20},"end":{"line":5,"column":21}},"loc":{"start":{"line":5,"column":31},"end":{"line":7,"column":null}},"line":5},"2":{"name":"(anonymous_2)","decl":{"start":{"line":9,"column":24},"end":{"line":9,"column":25}},"loc":{"start":{"line":9,"column":35},"end":{"line":11,"column":null}},"line":9},"3":{"name":"(anonymous_3)","decl":{"start":{"line":13,"column":22},"end":{"line":13,"column":23}},"loc":{"start":{"line":13,"column":33},"end":{"line":15,"column":null}},"line":13}},"branchMap":{},"s":{"0":1,"1":1,"2":1,"3":1,"4":1,"5":1,"6":1,"7":0},"f":{"0":1,"1":1,"2":1,"3":0},"b":{},"meta":{"lastBranch":0,"lastFunction":4,"lastStatement":8,"seen":{"s:1:19:3:Infinity":0,"f:1:19:1:20":0,"s:2:4:2:Infinity":1,"s:5:20:7:Infinity":2,"f:5:20:5:21":1,"s:6:4:6:Infinity":3,"s:9:24:11:Infinity":4,"f:9:24:9:25":2,"s:10:4:10:Infinity":5,"s:13:22:15:Infinity":6,"f:13:22:13:23":3,"s:14:4:14:Infinity":7}}}
,"C:\\Users\\28293312\\OneDrive - Universidad Autonoma de Guadalajara\\React + Node js + Typescipt\\React\\React\\primeros pasos\\src\\shopping-cart\\ItemCounter.module.css": {"path":"C:\\Users\\28293312\\OneDrive - Universidad Autonoma de Guadalajara\\React + Node js + Typescipt\\React\\React\\primeros pasos\\src\\shopping-cart\\ItemCounter.module.css","statementMap":{},"fnMap":{},"branchMap":{},"s":{},"f":{},"b":{},"meta":{"lastBranch":0,"lastFunction":0,"lastStatement":0,"seen":{}}}
,"C:\\Users\\28293312\\OneDrive - Universidad Autonoma de Guadalajara\\React + Node js + Typescipt\\React\\React\\primeros pasos\\src\\shopping-cart\\ItemCounter.tsx": {"path":"C:\\Users\\28293312\\OneDrive - Universidad Autonoma de Guadalajara\\React + Node js + Typescipt\\React\\React\\primeros pasos\\src\\shopping-cart\\ItemCounter.tsx","statementMap":{"0":{"start":{"line":12,"column":27},"end":{"line":51,"column":null}},"1":{"start":{"line":14,"column":27},"end":{"line":14,"column":null}},"2":{"start":{"line":16,"column":16},"end":{"line":20,"column":null}},"3":{"start":{"line":17,"column":4},"end":{"line":17,"column":null}},"4":{"start":{"line":22,"column":17},"end":{"line":25,"column":null}},"5":{"start":{"line":23,"column":4},"end":{"line":23,"column":null}},"6":{"start":{"line":23,"column":18},"end":{"line":23,"column":null}},"7":{"start":{"line":24,"column":4},"end":{"line":24,"column":null}},"8":{"start":{"line":32,"column":4},"end":{"line":48,"column":null}}},"fnMap":{"0":{"name":"(anonymous_0)","decl":{"start":{"line":12,"column":27},"end":{"line":12,"column":28}},"loc":{"start":{"line":12,"column":61},"end":{"line":51,"column":null}},"line":12},"1":{"name":"(anonymous_1)","decl":{"start":{"line":16,"column":16},"end":{"line":16,"column":null}},"loc":{"start":{"line":16,"column":16},"end":{"line":20,"column":null}},"line":16},"2":{"name":"(anonymous_2)","decl":{"start":{"line":22,"column":17},"end":{"line":22,"column":null}},"loc":{"start":{"line":22,"column":17},"end":{"line":25,"column":null}},"line":22}},"branchMap":{"0":{"loc":{"start":{"line":12,"column":40},"end":{"line":12,"column":52}},"type":"default-arg","locations":[{"start":{"line":12,"column":51},"end":{"line":12,"column":52}}],"line":12},"1":{"loc":{"start":{"line":23,"column":4},"end":{"line":23,"column":null}},"type":"if","locations":[{"start":{"line":23,"column":4},"end":{"line":23,"column":null}},{"start":{},"end":{}}],"line":23},"2":{"loc":{"start":{"line":42,"column":23},"end":{"line":42,"column":null}},"type":"cond-expr","locations":[{"start":{"line":42,"column":36},"end":{"line":42,"column":44}},{"start":{"line":42,"column":44},"end":{"line":42,"column":null}}],"line":42}},"s":{"0":1,"1":9,"2":9,"3":1,"4":9,"5":1,"6":0,"7":1,"8":9},"f":{"0":9,"1":1,"2":1},"b":{"0":[9],"1":[0,1],"2":[3,6]},"meta":{"lastBranch":3,"lastFunction":3,"lastStatement":9,"seen":{"s:12:27:51:Infinity":0,"f:12:27:12:28":0,"b:12:51:12:52":0,"s:14:27:14:Infinity":1,"s:16:16:20:Infinity":2,"f:16:16:16:Infinity":1,"s:17:4:17:Infinity":3,"s:22:17:25:Infinity":4,"f:22:17:22:Infinity":2,"b:23:4:23:Infinity:undefined:undefined:undefined:undefined":1,"s:23:4:23:Infinity":5,"s:23:18:23:Infinity":6,"s:24:4:24:Infinity":7,"s:32:4:48:Infinity":8,"b:42:36:42:44:42:44:42:Infinity":2}}}
}
