<?xml version="1.0" encoding="UTF-8"?>
<coverage generated="1774539525938" clover="3.2.0">
  <project timestamp="1774539525938" name="All files">
    <metrics statements="65" coveredstatements="58" conditionals="15" coveredconditionals="10" methods="24" coveredmethods="20" elements="104" coveredelements="88" complexity="0" loc="65" ncloc="65" packages="8" files="10" classes="10"/>
    <package name="Test.mock">
      <metrics statements="1" coveredstatements="1" conditionals="0" coveredconditionals="0" methods="0" coveredmethods="0"/>
      <file name="gphy.response.ts" path="C:\Users\28293312\OneDrive - Universidad Autonoma de Guadalajara\React + Node js + Typescipt\React\03-gifts-app\Test\mock\gphy.response.ts">
        <metrics statements="1" coveredstatements="1" conditionals="0" coveredconditionals="0" methods="0" coveredmethods="0"/>
        <line num="1" count="1" type="stmt"/>
      </file>
    </package>
    <package name="src">
      <metrics statements="3" coveredstatements="3" conditionals="0" coveredconditionals="0" methods="1" coveredmethods="1"/>
      <file name="GiftsApp.tsx" path="C:\Users\28293312\OneDrive - Universidad Autonoma de Guadalajara\React + Node js + Typescipt\React\03-gifts-app\src\GiftsApp.tsx">
        <metrics statements="3" coveredstatements="3" conditionals="0" coveredconditionals="0" methods="1" coveredmethods="1"/>
        <line num="8" count="1" type="stmt"/>
        <line num="10" count="1" type="stmt"/>
        <line num="13" count="1" type="stmt"/>
      </file>
    </package>
    <package name="src.counter.hooks">
      <metrics statements="9" coveredstatements="9" conditionals="1" coveredconditionals="1" methods="5" coveredmethods="5"/>
      <file name="useCounter.tsx" path="C:\Users\28293312\OneDrive - Universidad Autonoma de Guadalajara\React + Node js + Typescipt\React\03-gifts-app\src\counter\hooks\useCounter.tsx">
        <metrics statements="9" coveredstatements="9" conditionals="1" coveredconditionals="1" methods="5" coveredmethods="5"/>
        <line num="3" count="1" type="cond" truecount="1" falsecount="0"/>
        <line num="4" count="9" type="stmt"/>
        <line num="6" count="9" type="stmt"/>
        <line num="7" count="1" type="stmt"/>
        <line num="9" count="9" type="stmt"/>
        <line num="10" count="6" type="stmt"/>
        <line num="12" count="9" type="stmt"/>
        <line num="13" count="1" type="stmt"/>
        <line num="15" count="9" type="stmt"/>
      </file>
    </package>
    <package name="src.gifts.Api">
      <metrics statements="1" coveredstatements="1" conditionals="0" coveredconditionals="0" methods="0" coveredmethods="0"/>
      <file name="ApiGiphy.ts" path="C:\Users\28293312\OneDrive - Universidad Autonoma de Guadalajara\React + Node js + Typescipt\React\03-gifts-app\src\gifts\Api\ApiGiphy.ts">
        <metrics statements="1" coveredstatements="1" conditionals="0" coveredconditionals="0" methods="0" coveredmethods="0"/>
        <line num="3" count="4" type="stmt"/>
      </file>
    </package>
    <package name="src.gifts.Hooks">
      <metrics statements="20" coveredstatements="18" conditionals="7" coveredconditionals="4" methods="3" coveredmethods="3"/>
      <file name="useGifts.tsx" path="C:\Users\28293312\OneDrive - Universidad Autonoma de Guadalajara\React + Node js + Typescipt\React\03-gifts-app\src\gifts\Hooks\useGifts.tsx">
        <metrics statements="20" coveredstatements="18" conditionals="7" coveredconditionals="4" methods="3" coveredmethods="3"/>
        <line num="7" count="2" type="stmt"/>
        <line num="9" count="18" type="stmt"/>
        <line num="11" count="18" type="stmt"/>
        <line num="13" count="18" type="stmt"/>
        <line num="16" count="18" type="stmt"/>
        <line num="18" count="2" type="cond" truecount="1" falsecount="1"/>
        <line num="19" count="0" type="stmt"/>
        <line num="20" count="0" type="stmt"/>
        <line num="22" count="2" type="stmt"/>
        <line num="23" count="2" type="stmt"/>
        <line num="25" count="2" type="stmt"/>
        <line num="29" count="18" type="cond" truecount="1" falsecount="0"/>
        <line num="31" count="10" type="stmt"/>
        <line num="32" count="10" type="cond" truecount="1" falsecount="1"/>
        <line num="33" count="10" type="cond" truecount="1" falsecount="1"/>
        <line num="34" count="10" type="stmt"/>
        <line num="37" count="10" type="stmt"/>
        <line num="39" count="10" type="stmt"/>
        <line num="41" count="10" type="stmt"/>
        <line num="45" count="18" type="stmt"/>
      </file>
    </package>
    <package name="src.gifts.components">
      <metrics statements="3" coveredstatements="2" conditionals="0" coveredconditionals="0" methods="2" coveredmethods="1"/>
      <file name="Gifts-container.tsx" path="C:\Users\28293312\OneDrive - Universidad Autonoma de Guadalajara\React + Node js + Typescipt\React\03-gifts-app\src\gifts\components\Gifts-container.tsx">
        <metrics statements="3" coveredstatements="2" conditionals="0" coveredconditionals="0" methods="2" coveredmethods="1"/>
        <line num="9" count="1" type="stmt"/>
        <line num="10" count="1" type="stmt"/>
        <line num="13" count="0" type="stmt"/>
      </file>
    </package>
    <package name="src.gifts.components.Accions">
      <metrics statements="8" coveredstatements="8" conditionals="2" coveredconditionals="2" methods="2" coveredmethods="2"/>
      <file name="get-gift-by-query.action.ts" path="C:\Users\28293312\OneDrive - Universidad Autonoma de Guadalajara\React + Node js + Typescipt\React\03-gifts-app\src\gifts\components\Accions\get-gift-by-query.action.ts">
        <metrics statements="8" coveredstatements="8" conditionals="2" coveredconditionals="2" methods="2" coveredmethods="2"/>
        <line num="8" count="3" type="stmt"/>
        <line num="9" count="6" type="cond" truecount="2" falsecount="0"/>
        <line num="10" count="1" type="stmt"/>
        <line num="13" count="5" type="stmt"/>
        <line num="17" count="5" type="stmt"/>
        <line num="23" count="40" type="stmt"/>
        <line num="41" count="1" type="stmt"/>
        <line num="42" count="1" type="stmt"/>
      </file>
    </package>
    <package name="src.shared.components">
      <metrics statements="20" coveredstatements="16" conditionals="5" coveredconditionals="3" methods="11" coveredmethods="8"/>
      <file name="CustomHeader.tsx" path="C:\Users\28293312\OneDrive - Universidad Autonoma de Guadalajara\React + Node js + Typescipt\React\03-gifts-app\src\shared\components\CustomHeader.tsx">
        <metrics statements="2" coveredstatements="2" conditionals="2" coveredconditionals="2" methods="1" coveredmethods="1"/>
        <line num="6" count="2" type="stmt"/>
        <line num="7" count="4" type="stmt"/>
      </file>
      <file name="Previous-searches.tsx" path="C:\Users\28293312\OneDrive - Universidad Autonoma de Guadalajara\React + Node js + Typescipt\React\03-gifts-app\src\shared\components\Previous-searches.tsx">
        <metrics statements="4" coveredstatements="2" conditionals="0" coveredconditionals="0" methods="3" coveredmethods="1"/>
        <line num="10" count="1" type="stmt"/>
        <line num="11" count="1" type="stmt"/>
        <line num="16" count="0" type="stmt"/>
        <line num="18" count="0" type="stmt"/>
      </file>
      <file name="searchBar.tsx" path="C:\Users\28293312\OneDrive - Universidad Autonoma de Guadalajara\React + Node js + Typescipt\React\03-gifts-app\src\shared\components\searchBar.tsx">
        <metrics statements="14" coveredstatements="12" conditionals="3" coveredconditionals="1" methods="7" coveredmethods="6"/>
        <line num="10" count="2" type="cond" truecount="1" falsecount="0"/>
        <line num="11" count="11" type="stmt"/>
        <line num="14" count="11" type="stmt"/>
        <line num="16" count="11" type="stmt"/>
        <line num="17" count="2" type="stmt"/>
        <line num="19" count="11" type="stmt"/>
        <line num="20" count="11" type="stmt"/>
        <line num="37" count="11" type="stmt"/>
        <line num="38" count="1" type="stmt"/>
        <line num="42" count="11" type="stmt"/>
        <line num="43" count="0" type="cond" truecount="0" falsecount="2"/>
        <line num="44" count="0" type="stmt"/>
        <line num="49" count="11" type="stmt"/>
        <line num="55" count="5" type="stmt"/>
      </file>
    </package>
  </project>
</coverage>
