{"C:\\Users\\28293312\\OneDrive - Universidad Autonoma de Guadalajara\\React + Node js + Typescipt\\React\\03-gifts-app\\Test\\mock\\gphy.response.ts": {"path":"C:\\Users\\28293312\\OneDrive - Universidad Autonoma de Guadalajara\\React + Node js + Typescipt\\React\\03-gifts-app\\Test\\mock\\gphy.response.ts","statementMap":{"0":{"start":{"line":1,"column":39},"end":{"line":1164,"column":null}}},"fnMap":{},"branchMap":{},"s":{"0":1},"f":{},"b":{},"meta":{"lastBranch":0,"lastFunction":0,"lastStatement":1,"seen":{"s:1:39:1164:Infinity":0}}}
,"C:\\Users\\28293312\\OneDrive - Universidad Autonoma de Guadalajara\\React + Node js + Typescipt\\React\\03-gifts-app\\src\\GiftsApp.tsx": {"path":"C:\\Users\\28293312\\OneDrive - Universidad Autonoma de Guadalajara\\React + Node js + Typescipt\\React\\03-gifts-app\\src\\GiftsApp.tsx","statementMap":{"0":{"start":{"line":8,"column":23},"end":{"line":31,"column":null}},"1":{"start":{"line":10,"column":61},"end":{"line":10,"column":null}},"2":{"start":{"line":13,"column":4},"end":{"line":27,"column":null}}},"fnMap":{"0":{"name":"(anonymous_0)","decl":{"start":{"line":8,"column":23},"end":{"line":8,"column":null}},"loc":{"start":{"line":8,"column":23},"end":{"line":31,"column":null}},"line":8}},"branchMap":{},"s":{"0":1,"1":1,"2":1},"f":{"0":1},"b":{},"meta":{"lastBranch":0,"lastFunction":1,"lastStatement":3,"seen":{"s:8:23:31:Infinity":0,"f:8:23:8:Infinity":0,"s:10:61:10:Infinity":1,"s:13:4:27:Infinity":2}}}
,"C:\\Users\\28293312\\OneDrive - Universidad Autonoma de Guadalajara\\React + Node js + Typescipt\\React\\03-gifts-app\\src\\counter\\hooks\\useCounter.tsx": {"path":"C:\\Users\\28293312\\OneDrive - Universidad Autonoma de Guadalajara\\React + Node js + Typescipt\\React\\03-gifts-app\\src\\counter\\hooks\\useCounter.tsx","statementMap":{"0":{"start":{"line":3,"column":26},"end":{"line":23,"column":null}},"1":{"start":{"line":4,"column":33},"end":{"line":4,"column":null}},"2":{"start":{"line":6,"column":22},"end":{"line":8,"column":null}},"3":{"start":{"line":7,"column":8},"end":{"line":7,"column":null}},"4":{"start":{"line":9,"column":32},"end":{"line":11,"column":null}},"5":{"start":{"line":10,"column":8},"end":{"line":10,"column":null}},"6":{"start":{"line":10,"column":32},"end":{"line":10,"column":null}},"7":{"start":{"line":12,"column":28},"end":{"line":14,"column":null}},"8":{"start":{"line":13,"column":8},"end":{"line":13,"column":null}},"9":{"start":{"line":15,"column":2},"end":{"line":22,"column":null}}},"fnMap":{"0":{"name":"(anonymous_0)","decl":{"start":{"line":3,"column":26},"end":{"line":3,"column":27}},"loc":{"start":{"line":3,"column":50},"end":{"line":23,"column":null}},"line":3},"1":{"name":"(anonymous_1)","decl":{"start":{"line":6,"column":22},"end":{"line":6,"column":null}},"loc":{"start":{"line":6,"column":22},"end":{"line":8,"column":null}},"line":6},"2":{"name":"(anonymous_2)","decl":{"start":{"line":9,"column":32},"end":{"line":9,"column":null}},"loc":{"start":{"line":9,"column":32},"end":{"line":11,"column":null}},"line":9},"3":{"name":"(anonymous_3)","decl":{"start":{"line":10,"column":17},"end":{"line":10,"column":18}},"loc":{"start":{"line":10,"column":32},"end":{"line":10,"column":null}},"line":10},"4":{"name":"(anonymous_4)","decl":{"start":{"line":12,"column":28},"end":{"line":12,"column":null}},"loc":{"start":{"line":12,"column":28},"end":{"line":14,"column":null}},"line":12}},"branchMap":{"0":{"loc":{"start":{"line":3,"column":27},"end":{"line":3,"column":50}},"type":"default-arg","locations":[{"start":{"line":3,"column":48},"end":{"line":3,"column":50}}],"line":3}},"s":{"0":1,"1":9,"2":9,"3":1,"4":9,"5":6,"6":6,"7":9,"8":1,"9":9},"f":{"0":9,"1":1,"2":6,"3":6,"4":1},"b":{"0":[9]},"meta":{"lastBranch":1,"lastFunction":5,"lastStatement":10,"seen":{"s:3:26:23:Infinity":0,"f:3:26:3:27":0,"b:3:48:3:50":0,"s:4:33:4:Infinity":1,"s:6:22:8:Infinity":2,"f:6:22:6:Infinity":1,"s:7:8:7:Infinity":3,"s:9:32:11:Infinity":4,"f:9:32:9:Infinity":2,"s:10:8:10:Infinity":5,"f:10:17:10:18":3,"s:10:32:10:Infinity":6,"s:12:28:14:Infinity":7,"f:12:28:12:Infinity":4,"s:13:8:13:Infinity":8,"s:15:2:22:Infinity":9}}}
,"C:\\Users\\28293312\\OneDrive - Universidad Autonoma de Guadalajara\\React + Node js + Typescipt\\React\\03-gifts-app\\src\\gifts\\Api\\ApiGiphy.ts": {"path":"C:\\Users\\28293312\\OneDrive - Universidad Autonoma de Guadalajara\\React + Node js + Typescipt\\React\\03-gifts-app\\src\\gifts\\Api\\ApiGiphy.ts","statementMap":{"0":{"start":{"line":3,"column":24},"end":{"line":11,"column":null}}},"fnMap":{},"branchMap":{},"s":{"0":4},"f":{},"b":{},"meta":{"lastBranch":0,"lastFunction":0,"lastStatement":1,"seen":{"s:3:24:11:Infinity":0}}}
,"C:\\Users\\28293312\\OneDrive - Universidad Autonoma de Guadalajara\\React + Node js + Typescipt\\React\\03-gifts-app\\src\\gifts\\Hooks\\useGifts.tsx": {"path":"C:\\Users\\28293312\\OneDrive - Universidad Autonoma de Guadalajara\\React + Node js + Typescipt\\React\\03-gifts-app\\src\\gifts\\Hooks\\useGifts.tsx","statementMap":{"0":{"start":{"line":7,"column":24},"end":{"line":55,"column":null}},"1":{"start":{"line":9,"column":25},"end":{"line":9,"column":null}},"2":{"start":{"line":11,"column":42},"end":{"line":11,"column":null}},"3":{"start":{"line":13,"column":9},"end":{"line":13,"column":null}},"4":{"start":{"line":16,"column":30},"end":{"line":27,"column":null}},"5":{"start":{"line":18,"column":12},"end":{"line":21,"column":null}},"6":{"start":{"line":19,"column":16},"end":{"line":19,"column":null}},"7":{"start":{"line":20,"column":12},"end":{"line":20,"column":null}},"8":{"start":{"line":22,"column":26},"end":{"line":22,"column":null}},"9":{"start":{"line":23,"column":12},"end":{"line":23,"column":null}},"10":{"start":{"line":25,"column":12},"end":{"line":25,"column":null}},"11":{"start":{"line":29,"column":30},"end":{"line":43,"column":null}},"12":{"start":{"line":31,"column":12},"end":{"line":31,"column":null}},"13":{"start":{"line":32,"column":12},"end":{"line":32,"column":null}},"14":{"start":{"line":32,"column":32},"end":{"line":32,"column":null}},"15":{"start":{"line":33,"column":12},"end":{"line":33,"column":null}},"16":{"start":{"line":33,"column":45},"end":{"line":33,"column":null}},"17":{"start":{"line":34,"column":12},"end":{"line":34,"column":null}},"18":{"start":{"line":37,"column":25},"end":{"line":37,"column":null}},"19":{"start":{"line":39,"column":12},"end":{"line":39,"column":null}},"20":{"start":{"line":41,"column":12},"end":{"line":41,"column":null}},"21":{"start":{"line":45,"column":8},"end":{"line":53,"column":null}}},"fnMap":{"0":{"name":"(anonymous_0)","decl":{"start":{"line":7,"column":24},"end":{"line":7,"column":null}},"loc":{"start":{"line":7,"column":24},"end":{"line":55,"column":null}},"line":7},"1":{"name":"(anonymous_1)","decl":{"start":{"line":16,"column":30},"end":{"line":16,"column":36}},"loc":{"start":{"line":16,"column":36},"end":{"line":27,"column":null}},"line":16},"2":{"name":"(anonymous_2)","decl":{"start":{"line":29,"column":30},"end":{"line":29,"column":37}},"loc":{"start":{"line":29,"column":53},"end":{"line":43,"column":null}},"line":29}},"branchMap":{"0":{"loc":{"start":{"line":18,"column":12},"end":{"line":21,"column":null}},"type":"if","locations":[{"start":{"line":18,"column":12},"end":{"line":21,"column":null}},{"start":{},"end":{}}],"line":18},"1":{"loc":{"start":{"line":29,"column":37},"end":{"line":29,"column":53}},"type":"default-arg","locations":[{"start":{"line":29,"column":51},"end":{"line":29,"column":53}}],"line":29},"2":{"loc":{"start":{"line":32,"column":12},"end":{"line":32,"column":null}},"type":"if","locations":[{"start":{"line":32,"column":12},"end":{"line":32,"column":null}},{"start":{},"end":{}}],"line":32},"3":{"loc":{"start":{"line":33,"column":12},"end":{"line":33,"column":null}},"type":"if","locations":[{"start":{"line":33,"column":12},"end":{"line":33,"column":null}},{"start":{},"end":{}}],"line":33}},"s":{"0":2,"1":18,"2":18,"3":18,"4":18,"5":2,"6":0,"7":0,"8":2,"9":2,"10":2,"11":18,"12":10,"13":10,"14":0,"15":10,"16":0,"17":10,"18":10,"19":10,"20":10,"21":18},"f":{"0":18,"1":2,"2":10},"b":{"0":[0,2],"1":[10],"2":[0,10],"3":[0,10]},"meta":{"lastBranch":4,"lastFunction":3,"lastStatement":22,"seen":{"s:7:24:55:Infinity":0,"f:7:24:7:Infinity":0,"s:9:25:9:Infinity":1,"s:11:42:11:Infinity":2,"s:13:9:13:Infinity":3,"s:16:30:27:Infinity":4,"f:16:30:16:36":1,"b:18:12:21:Infinity:undefined:undefined:undefined:undefined":0,"s:18:12:21:Infinity":5,"s:19:16:19:Infinity":6,"s:20:12:20:Infinity":7,"s:22:26:22:Infinity":8,"s:23:12:23:Infinity":9,"s:25:12:25:Infinity":10,"s:29:30:43:Infinity":11,"f:29:30:29:37":2,"b:29:51:29:53":1,"s:31:12:31:Infinity":12,"b:32:12:32:Infinity:undefined:undefined:undefined:undefined":2,"s:32:12:32:Infinity":13,"s:32:32:32:Infinity":14,"b:33:12:33:Infinity:undefined:undefined:undefined:undefined":3,"s:33:12:33:Infinity":15,"s:33:45:33:Infinity":16,"s:34:12:34:Infinity":17,"s:37:25:37:Infinity":18,"s:39:12:39:Infinity":19,"s:41:12:41:Infinity":20,"s:45:8:53:Infinity":21}}}
,"C:\\Users\\28293312\\OneDrive - Universidad Autonoma de Guadalajara\\React + Node js + Typescipt\\React\\03-gifts-app\\src\\gifts\\components\\Gifts-container.tsx": {"path":"C:\\Users\\28293312\\OneDrive - Universidad Autonoma de Guadalajara\\React + Node js + Typescipt\\React\\03-gifts-app\\src\\gifts\\components\\Gifts-container.tsx","statementMap":{"0":{"start":{"line":9,"column":37},"end":{"line":23,"column":null}},"1":{"start":{"line":10,"column":4},"end":{"line":14,"column":38}},"2":{"start":{"line":13,"column":27},"end":{"line":14,"column":38}}},"fnMap":{"0":{"name":"(anonymous_0)","decl":{"start":{"line":9,"column":37},"end":{"line":9,"column":38}},"loc":{"start":{"line":9,"column":45},"end":{"line":23,"column":null}},"line":9},"1":{"name":"(anonymous_1)","decl":{"start":{"line":13,"column":26},"end":{"line":13,"column":27}},"loc":{"start":{"line":13,"column":27},"end":{"line":14,"column":38}},"line":13}},"branchMap":{},"s":{"0":1,"1":1,"2":0},"f":{"0":1,"1":0},"b":{},"meta":{"lastBranch":0,"lastFunction":2,"lastStatement":3,"seen":{"s:9:37:23:Infinity":0,"f:9:37:9:38":0,"s:10:4:14:38":1,"f:13:26:13:27":1,"s:13:27:14:38":2}}}
,"C:\\Users\\28293312\\OneDrive - Universidad Autonoma de Guadalajara\\React + Node js + Typescipt\\React\\03-gifts-app\\src\\gifts\\components\\Accions\\get-gift-by-query.action.ts": {"path":"C:\\Users\\28293312\\OneDrive - Universidad Autonoma de Guadalajara\\React + Node js + Typescipt\\React\\03-gifts-app\\src\\gifts\\components\\Accions\\get-gift-by-query.action.ts","statementMap":{"0":{"start":{"line":8,"column":29},"end":{"line":51,"column":null}},"1":{"start":{"line":9,"column":4},"end":{"line":11,"column":null}},"2":{"start":{"line":10,"column":8},"end":{"line":10,"column":null}},"3":{"start":{"line":13,"column":4},"end":{"line":44,"column":null}},"4":{"start":{"line":17,"column":20},"end":{"line":22,"column":null}},"5":{"start":{"line":23,"column":12},"end":{"line":30,"column":null}},"6":{"start":{"line":23,"column":51},"end":{"line":30,"column":null}},"7":{"start":{"line":41,"column":8},"end":{"line":41,"column":null}},"8":{"start":{"line":42,"column":8},"end":{"line":42,"column":null}}},"fnMap":{"0":{"name":"(anonymous_0)","decl":{"start":{"line":8,"column":29},"end":{"line":8,"column":35}},"loc":{"start":{"line":8,"column":35},"end":{"line":51,"column":null}},"line":8},"1":{"name":"(anonymous_1)","decl":{"start":{"line":23,"column":42},"end":{"line":23,"column":43}},"loc":{"start":{"line":23,"column":51},"end":{"line":30,"column":null}},"line":23}},"branchMap":{"0":{"loc":{"start":{"line":9,"column":4},"end":{"line":11,"column":null}},"type":"if","locations":[{"start":{"line":9,"column":4},"end":{"line":11,"column":null}},{"start":{},"end":{}}],"line":9}},"s":{"0":3,"1":6,"2":1,"3":5,"4":5,"5":4,"6":40,"7":1,"8":1},"f":{"0":6,"1":40},"b":{"0":[1,5]},"meta":{"lastBranch":1,"lastFunction":2,"lastStatement":9,"seen":{"s:8:29:51:Infinity":0,"f:8:29:8:35":0,"b:9:4:11:Infinity:undefined:undefined:undefined:undefined":0,"s:9:4:11:Infinity":1,"s:10:8:10:Infinity":2,"s:13:4:44:Infinity":3,"s:17:20:22:Infinity":4,"s:23:12:30:Infinity":5,"f:23:42:23:43":1,"s:23:51:30:Infinity":6,"s:41:8:41:Infinity":7,"s:42:8:42:Infinity":8}}}
,"C:\\Users\\28293312\\OneDrive - Universidad Autonoma de Guadalajara\\React + Node js + Typescipt\\React\\03-gifts-app\\src\\shared\\components\\CustomHeader.tsx": {"path":"C:\\Users\\28293312\\OneDrive - Universidad Autonoma de Guadalajara\\React + Node js + Typescipt\\React\\03-gifts-app\\src\\shared\\components\\CustomHeader.tsx","statementMap":{"0":{"start":{"line":6,"column":28},"end":{"line":13,"column":null}},"1":{"start":{"line":7,"column":4},"end":{"line":10,"column":null}}},"fnMap":{"0":{"name":"(anonymous_0)","decl":{"start":{"line":6,"column":28},"end":{"line":6,"column":29}},"loc":{"start":{"line":6,"column":56},"end":{"line":13,"column":null}},"line":6}},"branchMap":{"0":{"loc":{"start":{"line":10,"column":13},"end":{"line":10,"column":null}},"type":"binary-expr","locations":[{"start":{"line":10,"column":13},"end":{"line":10,"column":28}},{"start":{"line":10,"column":13},"end":{"line":10,"column":null}}],"line":10}},"s":{"0":2,"1":4},"f":{"0":4},"b":{"0":[4,2]},"meta":{"lastBranch":1,"lastFunction":1,"lastStatement":2,"seen":{"s:6:28:13:Infinity":0,"f:6:28:6:29":0,"s:7:4:10:Infinity":1,"b:10:13:10:28:10:13:10:Infinity":0}}}
,"C:\\Users\\28293312\\OneDrive - Universidad Autonoma de Guadalajara\\React + Node js + Typescipt\\React\\03-gifts-app\\src\\shared\\components\\Previous-searches.tsx": {"path":"C:\\Users\\28293312\\OneDrive - Universidad Autonoma de Guadalajara\\React + Node js + Typescipt\\React\\03-gifts-app\\src\\shared\\components\\Previous-searches.tsx","statementMap":{"0":{"start":{"line":10,"column":44},"end":{"line":25,"column":null}},"1":{"start":{"line":11,"column":4},"end":{"line":17,"column":null}},"2":{"start":{"line":16,"column":38},"end":{"line":17,"column":null}},"3":{"start":{"line":18,"column":42},"end":{"line":18,"column":62}}},"fnMap":{"0":{"name":"(anonymous_0)","decl":{"start":{"line":10,"column":44},"end":{"line":10,"column":45}},"loc":{"start":{"line":10,"column":71},"end":{"line":25,"column":null}},"line":10},"1":{"name":"(anonymous_1)","decl":{"start":{"line":16,"column":37},"end":{"line":16,"column":38}},"loc":{"start":{"line":16,"column":38},"end":{"line":17,"column":null}},"line":16},"2":{"name":"(anonymous_2)","decl":{"start":{"line":18,"column":37},"end":{"line":18,"column":42}},"loc":{"start":{"line":18,"column":37},"end":{"line":18,"column":null}},"line":18}},"branchMap":{},"s":{"0":1,"1":1,"2":0,"3":0},"f":{"0":1,"1":0,"2":0},"b":{},"meta":{"lastBranch":0,"lastFunction":3,"lastStatement":4,"seen":{"s:10:44:25:Infinity":0,"f:10:44:10:45":0,"s:11:4:17:Infinity":1,"f:16:37:16:38":1,"s:16:38:17:Infinity":2,"f:18:37:18:42":2,"s:18:42:18:62":3}}}
,"C:\\Users\\28293312\\OneDrive - Universidad Autonoma de Guadalajara\\React + Node js + Typescipt\\React\\03-gifts-app\\src\\shared\\components\\searchBar.tsx": {"path":"C:\\Users\\28293312\\OneDrive - Universidad Autonoma de Guadalajara\\React + Node js + Typescipt\\React\\03-gifts-app\\src\\shared\\components\\searchBar.tsx","statementMap":{"0":{"start":{"line":10,"column":25},"end":{"line":61,"column":null}},"1":{"start":{"line":11,"column":27},"end":{"line":11,"column":null}},"2":{"start":{"line":14,"column":4},"end":{"line":23,"column":23}},"3":{"start":{"line":16,"column":25},"end":{"line":18,"column":null}},"4":{"start":{"line":17,"column":12},"end":{"line":17,"column":27}},"5":{"start":{"line":19,"column":8},"end":{"line":22,"column":null}},"6":{"start":{"line":20,"column":12},"end":{"line":20,"column":36}},"7":{"start":{"line":37,"column":25},"end":{"line":39,"column":null}},"8":{"start":{"line":38,"column":9},"end":{"line":38,"column":null}},"9":{"start":{"line":42,"column":32},"end":{"line":47,"column":null}},"10":{"start":{"line":43,"column":16},"end":{"line":45,"column":null}},"11":{"start":{"line":44,"column":20},"end":{"line":44,"column":null}},"12":{"start":{"line":49,"column":4},"end":{"line":58,"column":null}},"13":{"start":{"line":55,"column":33},"end":{"line":55,"column":null}}},"fnMap":{"0":{"name":"(anonymous_0)","decl":{"start":{"line":10,"column":25},"end":{"line":10,"column":26}},"loc":{"start":{"line":10,"column":65},"end":{"line":61,"column":null}},"line":10},"1":{"name":"(anonymous_1)","decl":{"start":{"line":14,"column":14},"end":{"line":14,"column":null}},"loc":{"start":{"line":14,"column":14},"end":{"line":23,"column":6}},"line":14},"2":{"name":"(anonymous_2)","decl":{"start":{"line":16,"column":36},"end":{"line":16,"column":null}},"loc":{"start":{"line":16,"column":36},"end":{"line":18,"column":10}},"line":16},"3":{"name":"(anonymous_3)","decl":{"start":{"line":19,"column":15},"end":{"line":19,"column":null}},"loc":{"start":{"line":19,"column":15},"end":{"line":22,"column":null}},"line":19},"4":{"name":"(anonymous_4)","decl":{"start":{"line":37,"column":25},"end":{"line":37,"column":null}},"loc":{"start":{"line":37,"column":25},"end":{"line":39,"column":null}},"line":37},"5":{"name":"(anonymous_5)","decl":{"start":{"line":42,"column":32},"end":{"line":42,"column":33}},"loc":{"start":{"line":42,"column":33},"end":{"line":47,"column":null}},"line":42},"6":{"name":"(anonymous_6)","decl":{"start":{"line":55,"column":22},"end":{"line":55,"column":23}},"loc":{"start":{"line":55,"column":33},"end":{"line":55,"column":null}},"line":55}},"branchMap":{"0":{"loc":{"start":{"line":10,"column":27},"end":{"line":10,"column":49}},"type":"default-arg","locations":[{"start":{"line":10,"column":41},"end":{"line":10,"column":49}}],"line":10},"1":{"loc":{"start":{"line":43,"column":16},"end":{"line":45,"column":null}},"type":"if","locations":[{"start":{"line":43,"column":16},"end":{"line":45,"column":null}},{"start":{},"end":{}}],"line":43}},"s":{"0":2,"1":11,"2":11,"3":11,"4":2,"5":11,"6":11,"7":11,"8":1,"9":11,"10":0,"11":0,"12":11,"13":5},"f":{"0":11,"1":11,"2":2,"3":11,"4":1,"5":0,"6":5},"b":{"0":[11],"1":[0,0]},"meta":{"lastBranch":2,"lastFunction":7,"lastStatement":14,"seen":{"s:10:25:61:Infinity":0,"f:10:25:10:26":0,"b:10:41:10:49":0,"s:11:27:11:Infinity":1,"s:14:4:23:23":2,"f:14:14:14:Infinity":1,"s:16:25:18:Infinity":3,"f:16:36:16:Infinity":2,"s:17:12:17:27":4,"s:19:8:22:Infinity":5,"f:19:15:19:Infinity":3,"s:20:12:20:36":6,"s:37:25:39:Infinity":7,"f:37:25:37:Infinity":4,"s:38:9:38:Infinity":8,"s:42:32:47:Infinity":9,"f:42:32:42:33":5,"b:43:16:45:Infinity:undefined:undefined:undefined:undefined":1,"s:43:16:45:Infinity":10,"s:44:20:44:Infinity":11,"s:49:4:58:Infinity":12,"f:55:22:55:23":6,"s:55:33:55:Infinity":13}}}
}
